Traced on 2021-06-25 13:09:16
FileAccessForInclusion - 
/home/skybiztravel17/public_html/crm.skybiztravel.com/include/utils/CommonUtils.php::checkFileAccessForInclusion::388<br>
/home/skybiztravel17/public_html/crm.skybiztravel.com/includes/Loader.php::checkFileAccessForInclusion::65<br>
/home/skybiztravel17/public_html/crm.skybiztravel.com/includes/Loader.php::includeOnce::191<br>
/home/skybiztravel17/public_html/crm.skybiztravel.com/includes/main/WebUI.php::vimport::15<br>
/home/skybiztravel17/public_html/crm.skybiztravel.com/index.php::include_once::17<br>
Traced on 2021-06-25 13:17:39
FileAccessForInclusion - 
/home/skybiztravel17/public_html/crm.skybiztravel.com/include/utils/CommonUtils.php::checkFileAccessForInclusion::388<br>
/home/skybiztravel17/public_html/crm.skybiztravel.com/includes/Loader.php::checkFileAccessForInclusion::65<br>
/home/skybiztravel17/public_html/crm.skybiztravel.com/includes/Loader.php::includeOnce::191<br>
/home/skybiztravel17/public_html/crm.skybiztravel.com/includes/main/WebUI.php::vimport::15<br>
/home/skybiztravel17/public_html/crm.skybiztravel.com/index.php::include_once::17<br>
Traced on 2021-06-25 13:19:03
FileAccessForInclusion - 
/home/skybiztravel17/public_html/crm.skybiztravel.com/include/utils/CommonUtils.php::checkFileAccessForInclusion::388<br>
/home/skybiztravel17/public_html/crm.skybiztravel.com/includes/Loader.php::checkFileAccessForInclusion::65<br>
/home/skybiztravel17/public_html/crm.skybiztravel.com/includes/Loader.php::includeOnce::191<br>
/home/skybiztravel17/public_html/crm.skybiztravel.com/includes/main/WebUI.php::vimport::15<br>
/home/skybiztravel17/public_html/crm.skybiztravel.com/index.php::include_once::17<br>
